rasa test --fail-on-prediction-errors

2022-08-14 17:23:01 INFO     rasa.core.processor  - Loading model models/20220814-164340-spacy.tar.gz...
2022-08-14 17:23:02 INFO     rasa.nlu.utils.spacy_utils  - Trying to load SpaCy model with name 'it_core_news_sm'.
2022-08-14 17:23:06 INFO     rasa.nlu.utils.spacy_utils  - Trying to load SpaCy model with name 'it_core_news_sm'.
Processed story blocks: 100%|██████████████████████████████████████████████████████| 6/6 [00:00<00:00, 57.78it/s, # trackers=1]
2022-08-14 17:24:25 INFO     rasa.core.test  - Evaluating 6 stories
Progress:
 17%|███████████████▎                                                                            | 1/6 [00:03<00:16,  3.26s/it]
WrongPredictionException: Model predicted a wrong action. Failed Story: 

version: "3.0"
stories:
- story: test order conv - 1
  steps:
  - intent: greet
  - action: action_utter_greet
  - intent: ask_find_supplier
  - action: action_reset_all_slots
  - action: utter_ready
  - action: find_supplier_form
  - active_loop: find_supplier_form
  - slot_was_set:
    - supplier: fior di loto
  - active_loop: null
  - action: utter_ask_what
  - intent: inform_need_order
  - action: utter_ready_to_order
  - action: action_get_ordlist
  - slot_was_set:
    - ord_code: 20220808192211
  - slot_was_set:
    - ord_date: null
  - slot_was_set:
    - ord_list: null
  - slot_was_set:
    - new_list: true
  - action: utter_ask_suggest_ord
  - intent: affirm
  - slot_was_set:
    - affirmed: true
  - action: action_get_suggestion_list
  - slot_was_set:
    - found: false
  - action: action_reset_form_slots
  - slot_was_set:
    - p_code: null
  - slot_was_set:
    - pieces: null
  - slot_was_set:
    - keep: null
  - slot_was_set:
    - add_sugg: null
  - slot_was_set:
    - variation: null
  - action: utter_ask_write
  - intent: affirm
  - action: utter_guidance_write
  - action: write_order_form
  - active_loop: write_order_form
  - slot_was_set:
    - p_code: '8016323045088'
  - slot_was_set:
    - matches: null
  - slot_was_set:
    - supplier: fior di loto
  - slot_was_set:
    - p_name: frollini di riso con nocciole bio 200 grammi
  - slot_was_set:
    - cur_quantity: '8'
  - slot_was_set:
    - category: alimentazione
  - slot_was_set:
    - price: '4.0'
  - slot_was_set:
    - discount: '35'
  - slot_was_set:
    - vat: '10'
  - slot_was_set:
    - cost: '2.8600000000000003'
  - slot_was_set:
    - tot_cost: '22.880000000000003'
  - slot_was_set:
    - tot_value: '32.0'
  - slot_was_set:
    - dispmedico: 'false'
  - slot_was_set:
    - vegan: 'true'
  - slot_was_set:
    - no_lactose: 'true'
  - slot_was_set:
    - no_gluten: 'true'
  - slot_was_set:
    - no_sugar: 'false'
  - slot_was_set:
    - pieces: 5
  - slot_was_set:
    - fail: null
  - slot_was_set:
    - p_code: '8016323016170'
  - slot_was_set:
    - matches: null
  - slot_was_set:
    - supplier: fior di loto
  - slot_was_set:
    - p_name: stelline di grano saraceno bio 250 grammi
  - slot_was_set:
    - cur_quantity: '12'
  - slot_was_set:
    - category: alimentazione
  - slot_was_set:
    - price: '2.3'
  - slot_was_set:
    - discount: '35'
  - slot_was_set:
    - vat: '10'
  - slot_was_set:
    - cost: '1.6444999999999999'
  - slot_was_set:
    - tot_cost: '19.733999999999998'
  - slot_was_set:
    - tot_value: '27.6'
  - slot_was_set:
    - dispmedico: 'false'
  - slot_was_set:
    - vegan: 'false'
  - slot_was_set:
    - no_lactose: 'false'
  - slot_was_set:
    - no_gluten: 'true'
  - slot_was_set:
    - no_sugar: 'false'
  - slot_was_set:
    - pieces: 3
  - slot_was_set:
    - fail: null
  - active_loop: null
  - action: utter_done  # predicted: action_listen
